INFO: [HLS 200-10] Running '/home/kavish/opt2/Xilinx/Vivado/2018.2/bin/unwrapped/lnx64.o/vivado_hls'
INFO: [HLS 200-10] For user 'kavish' on host 'kavish' (Linux_x86_64 version 4.15.0-133-generic) on Sun Feb 21 01:57:35 +0530 2021
INFO: [HLS 200-10] On os Ubuntu 16.04.7 LTS
INFO: [HLS 200-10] In directory '/home/kavish/Projects/CNN-using-HLS-master/quant_cnn'
INFO: [HLS 200-10] Opening project '/home/kavish/Projects/CNN-using-HLS-master/quant_cnn/nnet_stream'.
INFO: [HLS 200-10] Opening solution '/home/kavish/Projects/CNN-using-HLS-master/quant_cnn/nnet_stream/solution1'.
INFO: [SYN 201-201] Setting up clock 'default' with a period of 13ns.
INFO: [HLS 200-10] Setting target device to 'xc7z010clg400-1'
INFO: [SIM 211-2] *************** CSIM start ***************
INFO: [SIM 211-4] CSIM will launch GCC as the compiler.
   Compiling ../../../../nnet.cpp in debug mode
   Generating csim.exe




Checking FC Layer 3 ...
Calculated int value = 3.426756 
Real int value = 3.379814 
 
Calculated int value = -0.704128 
Real int value = -0.704128 
 
Calculated int value = 0.469419 
Real int value = 0.469419 
 
Calculated int value = -1.126605 
Real int value = -1.126605 
 
Calculated int value = 0.704128 
Real int value = 0.704128 
 
Calculated int value = 0.751070 
Real int value = 0.751070 
 
Calculated int value = 4.928895 
Real int value = 4.928895 
 
Calculated int value = -2.440977 
Real int value = -2.440977 
 
Calculated int value = 0.046942 
Real int value = 0.000000 
 
Calculated int value = -1.736849 
Real int value = -1.736849 
 
DONE: 10 out of 10 are correct

INFO: [SIM 211-1] CSim done with 0 errors.
INFO: [SIM 211-3] *************** CSIM finish ***************
