#-----------------------------------------------------------
# xsim v2018.2 (64-bit)
# SW Build 2258646 on Thu Jun 14 20:02:38 MDT 2018
# IP Build 2256618 on Thu Jun 14 22:10:49 MDT 2018
# Start of session at: Sat Feb 20 15:41:23 2021
# Process ID: 9529
# Current directory: /home/kavish/Projects/CNN-using-HLS-master/quant_cnn/nnet_stream/solution1/sim/vhdl
# Command line: xsim -mode tcl -source {xsim.dir/nnet/xsim_script.tcl}
# Log file: /home/kavish/Projects/CNN-using-HLS-master/quant_cnn/nnet_stream/solution1/sim/vhdl/xsim.log
# Journal file: /home/kavish/Projects/CNN-using-HLS-master/quant_cnn/nnet_stream/solution1/sim/vhdl/xsim.jou
#-----------------------------------------------------------
source xsim.dir/nnet/xsim_script.tcl
# xsim {nnet} -autoloadwcfg -tclbatch {nnet.tcl}
Vivado Simulator 2018.2
Time resolution is 1 ps
source nnet.tcl
## run all
Note: simulation done!
Time: 93658500 ps  Iteration: 1  Process: /apatb_nnet_top/generate_sim_done_proc  File: /home/kavish/Projects/CNN-using-HLS-master/quant_cnn/nnet_stream/solution1/sim/vhdl/nnet.autotb.vhd
Failure: NORMAL EXIT (note: failure is to force the simulator to stop)
Time: 93658500 ps  Iteration: 1  Process: /apatb_nnet_top/generate_sim_done_proc  File: /home/kavish/Projects/CNN-using-HLS-master/quant_cnn/nnet_stream/solution1/sim/vhdl/nnet.autotb.vhd
$finish called at time : 93658500 ps
## quit
INFO: [Common 17-206] Exiting xsim at Sat Feb 20 15:41:35 2021...
